<?xml version="1.0" encoding="UTF-8"?>
<!-- Generated by org.testng.reporters.JUnitReportReporter -->
<testsuite hostname="LAPTOP-B4AVK60S" failures="0" tests="1" name="com.mmp.ScheduleAppoinment" time="93.082" errors="0" timestamp="02 May 2022 02:54:53 GMT" skipped="0">
  <testcase classname="com.mmp.ScheduleAppoinment" name="bookAppoinment" time="93.082"/>
</testsuite> <!-- com.mmp.ScheduleAppoinment -->
